<?xml version="1.0" encoding="UTF-8"?>
<testsuite xmlns:xsi="http://www.w3.org/2001/XMLSchema-instance" xsi:noNamespaceSchemaLocation="https://maven.apache.org/surefire/maven-surefire-plugin/xsd/surefire-test-report.xsd" name="com.thd.tool.queryfilter.SqlSpellerTest" time="0.077" tests="3" errors="0" skipped="0" failures="0">
  <properties>
[...]
</properties>
  <testcase name="testSqlQueryFilter" classname="com.thd.tool.queryfilter.SqlSpellerTest" time="0.011"/>
  <testcase name="testSqlOracleCondition" classname="com.thd.tool.queryfilter.SqlSpellerTest" time="0"/>
  <testcase name="testSqlServerCondition" classname="com.thd.tool.queryfilter.SqlSpellerTest" time="0"/>
</testsuite>